<?xml version="1.0" encoding="UTF-8"?>
<!-- Generated by org.testng.reporters.JUnitReportReporter -->
<testsuite hostname="LAPTOP-OMNHCN4U" failures="0" tests="4" name="com.tutorialsninja.qa.testcases.Register" time="31.206" errors="0" timestamp="2023-08-13T20:52:16 IST" skipped="0">
  <testcase classname="com.tutorialsninja.qa.testcases.Register" name="verifyRegisterAccountWithMandatoryField" time="5.346"/>
  <system-out/>
  <testcase classname="com.tutorialsninja.qa.testcases.Register" name="verifyRegisterAccountWithAllField" time="9.573"/>
  <system-out/>
  <testcase classname="com.tutorialsninja.qa.testcases.Register" name="verifyRegisteringAccountWithExistingEmailAddress" time="9.513"/>
  <system-out/>
  <testcase classname="com.tutorialsninja.qa.testcases.Register" name="verifyRegisteringAccountWithoutProvidingAnyDetails" time="6.774"/>
  <system-out/>
</testsuite> <!-- com.tutorialsninja.qa.testcases.Register -->
